<?xml version="1.0" encoding="UTF-8"?>
<!-- Generated by org.testng.reporters.JUnitReportReporter -->
<testsuite skipped="0" hostname="LAPTOP-6K01ST59" name="Frameworks.testng.Getdataprovider_details" tests="2" failures="0" timestamp="2022-12-26T17:47:49 IST" time="0.032" errors="0">
  <testcase name="info" time="0.032" classname="Frameworks.testng.Getdataprovider_details"/>
  <system-out/>
  <testcase name="info" time="0.000" classname="Frameworks.testng.Getdataprovider_details"/>
  <system-out/>
</testsuite> <!-- Frameworks.testng.Getdataprovider_details -->
