<?xml version="1.0" encoding="UTF-8"?>
<!-- Generated by org.testng.reporters.JUnitReportReporter -->
<testsuite skipped="0" hostname="LAPTOP-6K01ST59" name="Frameworks.testng.Test_chrome" tests="1" failures="0" timestamp="2023-01-03T11:14:08 IST" time="0.000" errors="0">
  <testcase name="login" time="0.000" classname="Frameworks.testng.Test_chrome"/>
  <system-out/>
</testsuite> <!-- Frameworks.testng.Test_chrome -->
