<?xml version="1.0" encoding="UTF-8"?>
<!-- Generated by org.testng.reporters.JUnitReportReporter -->
<testsuite skipped="0" hostname="LAPTOP-6K01ST59" name="Frameworks.testng.Assertions" tests="2" failures="0" timestamp="2022-12-19T14:55:37 IST" time="0.029" errors="0">
  <testcase name="tc002" time="0.002" classname="Frameworks.testng.Assertions"/>
  <system-out>
    <![CDATA[gmail is verified]]>
  </system-out>
  <testcase name="tc001" time="0.027" classname="Frameworks.testng.Assertions"/>
  <system-out>
    <![CDATA[instagram is verified]]>
  </system-out>
</testsuite> <!-- Frameworks.testng.Assertions -->
