<?xml version="1.0" encoding="UTF-8"?>
<!-- Generated by org.testng.reporters.JUnitReportReporter -->
<testsuite skipped="1" hostname="LAPTOP-6K01ST59" name="Frameworks.testng.Excel_to_dp" tests="1" failures="0" timestamp="2022-12-27T10:57:34 IST" time="0.000" errors="0">
  <testcase name="getuserdata" time="0.000" classname="Frameworks.testng.Excel_to_dp">
    <skipped/>
  </testcase> <!-- getuserdata -->
  <system-out/>
</testsuite> <!-- Frameworks.testng.Excel_to_dp -->
