<?xml version="1.0" encoding="UTF-8"?>
<!-- Generated by org.testng.reporters.JUnitReportReporter -->
<testsuite skipped="0" hostname="LAPTOP-6K01ST59" name="Frameworks.Frameworks.testng.class1" tests="3" failures="0" timestamp="2022-12-21T14:27:04 IST" time="0.031" errors="0">
  <testcase name="f" time="0.031" classname="Frameworks.Frameworks.testng.class1"/>
  <system-out>
    <![CDATA[tc001 executed]]>
  </system-out>
  <testcase name="tc003" time="0.000" classname="Frameworks.Frameworks.testng.class1"/>
  <system-out>
    <![CDATA[tcoo3 executed]]>
  </system-out>
  <testcase name="tc002" time="0.000" classname="Frameworks.Frameworks.testng.class1"/>
  <system-out>
    <![CDATA[tc002 executed]]>
  </system-out>
</testsuite> <!-- Frameworks.Frameworks.testng.class1 -->
