<?xml version="1.0" encoding="UTF-8"?>
<!-- Generated by org.testng.reporters.JUnitReportReporter -->
<testsuite skipped="1" hostname="LAPTOP-6K01ST59" name="Frameworks.testng.Before_Method_And_AfterMethod" tests="2" failures="0" timestamp="2022-12-19T14:20:59 IST" time="0.037" errors="0">
  <testcase name="afterClassTest" time="0.037" classname="Frameworks.testng.Before_Method_And_AfterMethod"/>
  <system-out>
    <![CDATA[test1 executed]]>
  </system-out>
  <testcase name="beforeClassTest" classname="Frameworks.testng.Before_Method_And_AfterMethod">
    <skipped/>
  </testcase> <!-- beforeClassTest -->
  <system-out/>
</testsuite> <!-- Frameworks.testng.Before_Method_And_AfterMethod -->
