<?xml version="1.0" encoding="UTF-8"?>
<!-- Generated by org.testng.reporters.JUnitReportReporter -->
<testsuite skipped="0" hostname="LAPTOP-6K01ST59" name="Frameworks.Frameworks.testng.NewTest" tests="1" failures="0" timestamp="2022-12-19T14:14:36 IST" time="0.015" errors="0">
  <testcase name="tc001" time="0.015" classname="Frameworks.Frameworks.testng.NewTest"/>
  <system-out>
    <![CDATA[test1 executed]]>
  </system-out>
</testsuite> <!-- Frameworks.Frameworks.testng.NewTest -->
