<?xml version="1.0" encoding="UTF-8"?>
<!-- Generated by org.testng.reporters.JUnitReportReporter -->
<testsuite skipped="0" hostname="LAPTOP-6K01ST59" name="Frameworks.testng.Inputdata1" tests="4" failures="0" timestamp="2022-12-23T14:31:06 IST" time="0.016" errors="0">
  <testcase name="userlogin" time="0.000" classname="Frameworks.testng.Inputdata1"/>
  <system-out/>
  <testcase name="userlogin" time="0.016" classname="Frameworks.testng.Inputdata1"/>
  <system-out/>
  <testcase name="verifydetails" time="0.000" classname="Frameworks.testng.Inputdata1"/>
  <system-out/>
  <testcase name="verifydetails" time="0.000" classname="Frameworks.testng.Inputdata1"/>
  <system-out/>
</testsuite> <!-- Frameworks.testng.Inputdata1 -->
