<?xml version="1.0" encoding="UTF-8"?>
<!-- Generated by org.testng.reporters.JUnitReportReporter -->
<testsuite skipped="0" hostname="LAPTOP-6K01ST59" name="Frameworks.Frameworks.testng.Testng_Reporting" tests="3" failures="0" timestamp="2022-12-26T11:13:06 IST" time="0.060" errors="0">
  <testcase name="f1" time="0.045" classname="Frameworks.Frameworks.testng.Testng_Reporting"/>
  <system-out/>
  <testcase name="f3" time="0.000" classname="Frameworks.Frameworks.testng.Testng_Reporting"/>
  <system-out>
    <![CDATA[Email is composed]]>
  </system-out>
  <testcase name="f2" time="0.015" classname="Frameworks.Frameworks.testng.Testng_Reporting"/>
  <system-out>
    <![CDATA[signin successful]]>
  </system-out>
</testsuite> <!-- Frameworks.Frameworks.testng.Testng_Reporting -->
