<?xml version="1.0" encoding="UTF-8"?>
<!-- Generated by org.testng.reporters.JUnitReportReporter -->
<testsuite skipped="0" hostname="LAPTOP-6K01ST59" name="Frameworks.testng.Testsuite1" tests="3" failures="0" timestamp="2023-01-03T11:14:08 IST" time="0.031" errors="0">
  <testcase name="f1" time="0.016" classname="Frameworks.testng.Testsuite1"/>
  <system-out/>
  <testcase name="f3" time="0.015" classname="Frameworks.testng.Testsuite1"/>
  <system-out>
    <![CDATA[f3 executed]]>
  </system-out>
  <testcase name="f2" time="0.000" classname="Frameworks.testng.Testsuite1"/>
  <system-out/>
</testsuite> <!-- Frameworks.testng.Testsuite1 -->
