<?xml version="1.0" encoding="UTF-8"?>
<!-- Generated by org.testng.reporters.JUnitReportReporter -->
<testsuite skipped="0" hostname="LAPTOP-6K01ST59" name="Frameworks.Frameworks.testng.Test_description" tests="2" failures="0" timestamp="2022-12-19T14:33:03 IST" time="0.027" errors="0">
  <testcase name="tc002" time="0.024" classname="Frameworks.Frameworks.testng.Test_description"/>
  <system-out/>
  <testcase name="tc001" time="0.003" classname="Frameworks.Frameworks.testng.Test_description"/>
  <system-out/>
</testsuite> <!-- Frameworks.Frameworks.testng.Test_description -->
